{
  "RSpec": {
    "coverage": {
      "/home/user/StackOverflow/config/environment.rb": [
        null,
        1,
        null,
        null,
        1
      ],
      "/home/user/StackOverflow/config/application.rb": [
        1,
        null,
        1,
        null,
        null,
        null,
        1,
        null,
        1,
        1,
        null,
        null,
        null,
        null,
        null,
        null,
        null,
        null,
        null,
        null,
        null,
        null,
        1,
        1,
        null,
        null,
        null,
        null,
        null,
        null,
        1,
        null,
        null,
        null
      ],
      "/home/user/StackOverflow/config/boot.rb": [
        null,
        1,
        null,
        1
      ],
      "/home/user/StackOverflow/config/environments/test.rb": [
        1,
        null,
        null,
        null,
        null,
        null,
        null,
        1,
        null,
        null,
        null,
        null,
        1,
        null,
        null,
        1,
        1,
        null,
        null,
        1,
        1,
        null,
        null,
        1,
        null,
        null,
        1,
        null,
        null,
        null,
        null,
        1,
        1,
        null,
        null,
        null,
        1,
        null,
        null,
        null,
        1,
        null
      ],
      "/home/user/StackOverflow/config/initializers/assets.rb": [
        null,
        null,
        null,
        1,
        null,
        null,
        null,
        null
      ],
      "/home/user/StackOverflow/config/initializers/backtrace_silencers.rb": [
        null,
        null,
        null,
        null,
        null,
        null,
        null
      ],
      "/home/user/StackOverflow/config/initializers/cookies_serializer.rb": [
        null,
        null,
        1
      ],
      "/home/user/StackOverflow/config/initializers/devise.rb": [
        null,
        null,
        1,
        null,
        null,
        null,
        null,
        null,
        null,
        null,
        null,
        null,
        1,
        null,
        null,
        null,
        null,
        null,
        null,
        null,
        null,
        1,
        null,
        null,
        null,
        null,
        null,
        null,
        null,
        null,
        null,
        null,
        null,
        null,
        null,
        null,
        null,
        null,
        null,
        null,
        null,
        null,
        null,
        1,
        null,
        null,
        null,
        null,
        1,
        null,
        null,
        null,
        null,
        null,
        null,
        null,
        null,
        null,
        null,
        null,
        null,
        null,
        null,
        null,
        null,
        null,
        null,
        null,
        null,
        null,
        null,
        null,
        null,
        null,
        null,
        null,
        null,
        null,
        null,
        1,
        null,
        null,
        null,
        null,
        null,
        null,
        null,
        null,
        null,
        null,
        null,
        null,
        null,
        null,
        null,
        null,
        1,
        null,
        null,
        null,
        null,
        null,
        null,
        null,
        null,
        null,
        null,
        null,
        null,
        null,
        null,
        null,
        null,
        null,
        null,
        null,
        null,
        null,
        null,
        null,
        null,
        1,
        null,
        null,
        null,
        null,
        null,
        null,
        null,
        null,
        null,
        1,
        null,
        null,
        null,
        null,
        null,
        null,
        null,
        null,
        null,
        null,
        1,
        null,
        null,
        null,
        null,
        null,
        null,
        null,
        null,
        null,
        null,
        null,
        null,
        null,
        null,
        null,
        null,
        null,
        null,
        null,
        null,
        null,
        null,
        null,
        null,
        null,
        null,
        null,
        null,
        null,
        null,
        null,
        null,
        null,
        null,
        null,
        null,
        null,
        null,
        null,
        null,
        null,
        null,
        null,
        null,
        null,
        null,
        null,
        null,
        1,
        null,
        null,
        null,
        null,
        null,
        null,
        null,
        null,
        null,
        null,
        null,
        null,
        null,
        null,
        null,
        null,
        null,
        null,
        null,
        null,
        null,
        null,
        null,
        null,
        null,
        null,
        null,
        null,
        null,
        null,
        null,
        null,
        null,
        null,
        null,
        null,
        null,
        1,
        null,
        null,
        null,
        null,
        null,
        1,
        1,
        1,
        null,
        1,
        null,
        null,
        null,
        null,
        null,
        null,
        null,
        null,
        null,
        null,
        null,
        null,
        null,
        null,
        null,
        null,
        null,
        null,
        null,
        null,
        null,
        null,
        null
      ],
      "/home/user/StackOverflow/config/initializers/doorkeeper.rb": [
        1,
        null,
        null,
        1,
        null,
        null,
        1,
        0,
        null,
        null,
        null,
        null,
        null,
        null,
        null,
        null,
        null,
        null,
        null,
        null,
        null,
        null,
        null,
        null,
        null,
        null,
        null,
        null,
        null,
        null,
        null,
        null,
        null,
        null,
        null,
        null,
        null,
        null,
        null,
        null,
        null,
        null,
        null,
        null,
        null,
        null,
        null,
        null,
        null,
        null,
        null,
        null,
        null,
        null,
        null,
        null,
        null,
        null,
        null,
        null,
        null,
        null,
        null,
        null,
        null,
        null,
        null,
        null,
        null,
        null,
        null,
        null,
        null,
        null,
        null,
        null,
        null,
        null,
        null,
        null,
        null,
        null,
        null,
        null,
        null,
        null,
        null,
        null,
        null
      ],
      "/home/user/StackOverflow/config/initializers/filter_parameter_logging.rb": [
        null,
        null,
        null,
        1
      ],
      "/home/user/StackOverflow/config/initializers/inflections.rb": [
        null,
        null,
        null,
        null,
        null,
        null,
        null,
        null,
        null,
        null,
        null,
        null,
        null,
        null,
        null,
        null
      ],
      "/home/user/StackOverflow/config/initializers/mime_types.rb": [
        null,
        null,
        null,
        null
      ],
      "/home/user/StackOverflow/config/initializers/session_store.rb": [
        null,
        null,
        1
      ],
      "/home/user/StackOverflow/config/initializers/simple_form.rb": [
        null,
        1,
        null,
        null,
        null,
        null,
        null,
        1,
        null,
        null,
        null,
        null,
        null,
        null,
        null,
        null,
        null,
        1,
        null,
        null,
        null,
        1,
        null,
        null,
        null,
        null,
        null,
        null,
        null,
        null,
        1,
        null,
        null,
        1,
        null,
        null,
        1,
        null,
        null,
        1,
        null,
        null,
        1,
        1,
        1,
        null,
        null,
        null,
        1,
        null,
        null,
        null,
        null,
        null,
        1,
        null,
        null,
        1,
        null,
        null,
        null,
        null,
        null,
        null,
        null,
        1,
        null,
        null,
        1,
        null,
        null,
        null,
        null,
        null,
        null,
        null,
        null,
        null,
        null,
        null,
        null,
        null,
        null,
        null,
        null,
        null,
        null,
        null,
        null,
        null,
        null,
        null,
        null,
        null,
        null,
        null,
        null,
        1,
        null,
        null,
        null,
        null,
        null,
        null,
        null,
        null,
        null,
        null,
        null,
        null,
        null,
        null,
        null,
        1,
        null,
        null,
        null,
        null,
        null,
        null,
        null,
        null,
        null,
        null,
        null,
        null,
        null,
        null,
        null,
        null,
        null,
        null,
        null,
        null,
        null,
        null,
        null,
        null,
        null,
        null,
        null,
        null,
        null,
        null,
        null
      ],
      "/home/user/StackOverflow/config/initializers/simple_form_foundation.rb": [
        null,
        1,
        1,
        1,
        1,
        1,
        1,
        1,
        1,
        1,
        1,
        null,
        null,
        null,
        null,
        null,
        null,
        null,
        1,
        null,
        null,
        1,
        null,
        null,
        1,
        null
      ],
      "/home/user/StackOverflow/config/initializers/wrap_parameters.rb": [
        null,
        null,
        null,
        null,
        null,
        null,
        1,
        1,
        null,
        null,
        null,
        null,
        null,
        null
      ],
      "/home/user/StackOverflow/app/models/answer.rb": [
        1,
        1,
        1,
        1,
        1,
        null,
        1,
        null,
        1,
        null,
        1,
        null,
        926,
        null,
        1,
        11,
        11,
        11,
        null,
        null,
        1,
        null,
        1,
        320,
        null,
        null,
        1,
        320,
        320,
        5,
        null,
        null,
        null
      ],
      "/home/user/StackOverflow/app/models/question.rb": [
        1,
        1,
        1,
        1,
        1,
        1,
        1,
        1,
        1,
        null,
        1,
        1,
        null,
        1,
        7,
        null,
        null,
        10,
        null,
        1,
        25,
        null,
        null,
        1,
        4,
        null,
        null,
        1,
        5,
        null,
        null
      ],
      "/home/user/StackOverflow/config/routes.rb": [
        1,
        1,
        null,
        1,
        1,
        null,
        1,
        1,
        null,
        null,
        1,
        1,
        1,
        null,
        null,
        1,
        1,
        null,
        null,
        1,
        2,
        null,
        null,
        1,
        1,
        1,
        1,
        1,
        1,
        1,
        1,
        null,
        null,
        null,
        1,
        1,
        1,
        1,
        1,
        null,
        1,
        1,
        null,
        null,
        null,
        null,
        null,
        null,
        null,
        null,
        null,
        null,
        null,
        null,
        null,
        null,
        null,
        null,
        null,
        null,
        null,
        null,
        null,
        null,
        null,
        null,
        null,
        null,
        null,
        null,
        null,
        null,
        null,
        null,
        null,
        null,
        null,
        null,
        null,
        null,
        null,
        null,
        null,
        null,
        null,
        null,
        null,
        null,
        null,
        null,
        null,
        null,
        null,
        null,
        null,
        null,
        null,
        null,
        null,
        null,
        null,
        null
      ],
      "/home/user/StackOverflow/app/models/user.rb": [
        1,
        null,
        null,
        1,
        null,
        null,
        null,
        1,
        1,
        1,
        1,
        1,
        1,
        null,
        5,
        null,
        1,
        17,
        17,
        null,
        16,
        16,
        15,
        15,
        9,
        9,
        null,
        15,
        null,
        null,
        16,
        null,
        null,
        1,
        3,
        2,
        4,
        null,
        null,
        null,
        null,
        1,
        20,
        null,
        null
      ],
      "/home/user/StackOverflow/app/helpers/answers_helper.rb": [
        1,
        null
      ],
      "/home/user/StackOverflow/app/helpers/application_helper.rb": [
        1,
        null
      ],
      "/home/user/StackOverflow/app/helpers/authorizations_helper.rb": [
        1,
        null
      ],
      "/home/user/StackOverflow/app/helpers/comments_helper.rb": [
        1,
        null
      ],
      "/home/user/StackOverflow/app/helpers/profiles_helper.rb": [
        1,
        null
      ],
      "/home/user/StackOverflow/app/helpers/questions_helper.rb": [
        1,
        null
      ],
      "/home/user/StackOverflow/app/helpers/search_helper.rb": [
        1,
        null
      ],
      "/home/user/StackOverflow/app/controllers/answers_controller.rb": [
        1,
        1,
        1,
        1,
        1,
        null,
        1,
        1,
        null,
        1,
        null,
        1,
        14,
        null,
        null,
        1,
        6,
        6,
        null,
        null,
        1,
        4,
        null,
        null,
        1,
        6,
        null,
        null,
        1,
        null,
        1,
        20,
        null,
        null,
        1,
        20,
        null,
        null,
        1,
        20,
        null,
        null,
        1,
        14,
        null,
        null
      ],
      "/home/user/StackOverflow/app/controllers/application_controller.rb": [
        1,
        null,
        null,
        1,
        null,
        1,
        10,
        null,
        null
      ],
      "/home/user/StackOverflow/app/controllers/authorizations_controller.rb": [
        1,
        1,
        7,
        7,
        7,
        7,
        5,
        null,
        2,
        null,
        null,
        null,
        1,
        4,
        2,
        2,
        2,
        2,
        null,
        2,
        null,
        4,
        null,
        null,
        1,
        1,
        null,
        null,
        1,
        null,
        1,
        18,
        null,
        null,
        1,
        5,
        5,
        5,
        5,
        null,
        null
      ],
      "/home/user/StackOverflow/app/controllers/comments_controller.rb": [
        1,
        1,
        1,
        null,
        1,
        null,
        1,
        null,
        1,
        8,
        null,
        null,
        1,
        null,
        1,
        8,
        8,
        null,
        null,
        1,
        8,
        null,
        null
      ],
      "/home/user/StackOverflow/app/controllers/omniauth_callbacks_controller.rb": [
        1,
        1,
        1,
        null,
        1,
        1,
        null,
        null,
        1,
        1,
        null,
        null,
        1,
        1,
        0,
        0,
        null,
        1,
        1,
        null,
        null,
        null,
        1,
        null,
        1,
        3,
        null,
        null,
        1,
        2,
        2,
        2,
        null,
        null,
        null,
        1,
        3,
        null,
        null
      ],
      "/home/user/StackOverflow/app/controllers/profiles_controller.rb": [
        1,
        1,
        null,
        1,
        1,
        1,
        null,
        null
      ],
      "/home/user/StackOverflow/app/controllers/questions_controller.rb": [
        1,
        1,
        1,
        1,
        null,
        1,
        null,
        1,
        null,
        1,
        6,
        null,
        null,
        1,
        26,
        null,
        null,
        1,
        9,
        9,
        9,
        9,
        null,
        null,
        1,
        53,
        53,
        null,
        null,
        1,
        3,
        3,
        null,
        null,
        1,
        6,
        6,
        null,
        null,
        1,
        3,
        3,
        3,
        null,
        null,
        1,
        4,
        4,
        4,
        null,
        null,
        1,
        2,
        null,
        null,
        1,
        2,
        null,
        null,
        1,
        2,
        2,
        null,
        null,
        1,
        null,
        1,
        15,
        null,
        null,
        1,
        81,
        null,
        null,
        1,
        9,
        null,
        null
      ],
      "/home/user/StackOverflow/app/controllers/search_controller.rb": [
        1,
        1,
        1,
        null,
        null
      ],
      "/home/user/StackOverflow/app/mailers/answer_notifier.rb": [
        1,
        1,
        null,
        null,
        null,
        null,
        null,
        null,
        1,
        319,
        319,
        null,
        null,
        null,
        null,
        null,
        null,
        null,
        1,
        5,
        5,
        null,
        null
      ],
      "/home/user/StackOverflow/app/mailers/confirmer.rb": [
        1,
        1,
        null,
        1,
        5,
        5,
        5,
        null,
        null
      ],
      "/home/user/StackOverflow/app/mailers/daily_mailer.rb": [
        1,
        1,
        null,
        1,
        4,
        null,
        null
      ],
      "/home/user/StackOverflow/app/models/ability.rb": [
        1,
        1,
        1,
        null,
        1,
        280,
        null,
        280,
        null,
        280,
        248,
        248,
        248,
        248,
        86,
        null,
        248,
        248,
        43,
        null,
        248,
        41,
        null,
        248,
        5,
        null,
        null,
        null,
        280,
        null,
        null
      ],
      "/home/user/StackOverflow/app/models/attachment.rb": [
        1,
        1,
        null,
        1,
        null
      ],
      "/home/user/StackOverflow/app/uploaders/file_uploader.rb": [
        null,
        null,
        1,
        1,
        null,
        null,
        null,
        null,
        null,
        1,
        null,
        null,
        null,
        null,
        1,
        29,
        null,
        null,
        null,
        null,
        null,
        null,
        null,
        null,
        null,
        null,
        null,
        null,
        null,
        null,
        null,
        null,
        null,
        null,
        null,
        null,
        null,
        null,
        null,
        null,
        null,
        null,
        null,
        null,
        null,
        null,
        null,
        null,
        null,
        null,
        null
      ],
      "/home/user/StackOverflow/app/models/authorization.rb": [
        1,
        1,
        null
      ],
      "/home/user/StackOverflow/app/models/comment.rb": [
        1,
        1,
        1,
        null,
        1,
        null,
        5,
        null
      ],
      "/home/user/StackOverflow/app/models/question_tag.rb": [
        1,
        1,
        1,
        null
      ],
      "/home/user/StackOverflow/app/models/subscription.rb": [
        1,
        1,
        1,
        null
      ],
      "/home/user/StackOverflow/app/models/tag.rb": [
        1,
        1,
        1,
        null,
        1,
        1,
        null
      ],
      "/home/user/StackOverflow/app/models/vote.rb": [
        1,
        1,
        1,
        null
      ],
      "/home/user/StackOverflow/app/indices/questions_index.rb": [
        1,
        null,
        0,
        0,
        0,
        null,
        null,
        0,
        null
      ],
      "/home/user/StackOverflow/app/controllers/api/v1/profiles_controller.rb": [
        1,
        1,
        null,
        1,
        11,
        null,
        null,
        1,
        11,
        11,
        null,
        null,
        null
      ],
      "/home/user/StackOverflow/app/controllers/api/v1/base_controller.rb": [
        1,
        1,
        null,
        1,
        null,
        1,
        1,
        131,
        null,
        null,
        1,
        89,
        null,
        null
      ],
      "/home/user/StackOverflow/app/serializers/user_serializer.rb": [
        1,
        1,
        null
      ],
      "/home/user/StackOverflow/app/serializers/answer_serializer.rb": [
        1,
        1,
        null
      ],
      "/home/user/StackOverflow/app/controllers/api/v1/answers_controller.rb": [
        1,
        1,
        1,
        null,
        1,
        10,
        10,
        null,
        null,
        1,
        8,
        8,
        null,
        null,
        1,
        10,
        10,
        10,
        10,
        null,
        null,
        1,
        20,
        null,
        null
      ],
      "/home/user/StackOverflow/app/controllers/api/v1/questions_controller.rb": [
        1,
        1,
        null,
        1,
        15,
        15,
        null,
        null,
        1,
        14,
        14,
        null,
        null,
        1,
        10,
        10,
        10,
        10,
        null,
        null
      ],
      "/home/user/StackOverflow/app/serializers/question_serializer.rb": [
        1,
        1,
        null,
        1,
        null
      ]
    },
    "timestamp": 1419885103
  }
}
